[Info] Starting Branch and Bound
[Info] Node #1: Root Depth: 0
[Info] LP Objective: 5840.417378734265
[Info] Total Leaves So Far: 0
[Info] Branching on t_C2134 with LP Solution: 0.552519892612047
[Info] Created Node t_C2134>=1.0
[Info] Created Node t_C2134<=0.0
[Info] Node #2: t_C2134 <= 0.0 Depth: 1
[Info] Switching from Root to t_C2134 <= 0.0
[Info] Common Ancestor: Root
[Info] Applying Action: t_C2134 <= 0.0
[Info] LP Objective: 5840.4926355163925
[Info] Total Leaves So Far: 1
[Info] Branching on t_C2210 with LP Solution: 0.5292590502033508
[Info] Created Node t_C2210>=1.0
[Info] Created Node t_C2210<=0.0
[Info] Node #3: t_C2134 >= 1.0 Depth: 1
[Info] Switching from t_C2134 <= 0.0 to t_C2134 >= 1.0
[Info] Common Ancestor: Root
[Info] Undoing Action: t_C2134 <= 0.0
[Info] Applying Action: t_C2134 >= 1.0
[Info] LP Objective: 5840.504726050189
[Info] Total Leaves So Far: 2
[Info] Branching on t_C2213 with LP Solution: 0.5431382570196311
[Info] Created Node t_C2213>=1.0
[Info] Created Node t_C2213<=0.0
[Info] Node #4: t_C2213 >= 1.0 Depth: 2
[Info] Switching from t_C2134 >= 1.0 to t_C2213 >= 1.0
[Info] Common Ancestor: t_C2134 >= 1.0
[Info] Applying Action: t_C2213 >= 1.0
[Info] LP Objective: 5840.526743444381
[Info] Total Leaves So Far: 3
[Info] Branching on t_C2212 with LP Solution: 0.5076423933556389
[Info] Created Node t_C2212>=1.0
[Info] Created Node t_C2212<=0.0
[Info] Node #5: t_C2212 >= 1.0 Depth: 3
[Info] Switching from t_C2213 >= 1.0 to t_C2212 >= 1.0
[Info] Common Ancestor: t_C2213 >= 1.0
[Info] Applying Action: t_C2212 >= 1.0
[Info] LP Objective: 5840.563914919738
[Info] Total Leaves So Far: 4
[Info] Branching on t_C2210 with LP Solution: 0.4994891892611003
[Info] Created Node t_C2210>=1.0
[Info] Created Node t_C2210<=0.0
[Info] Node #6: t_C2210 <= 0.0 Depth: 2
[Info] Switching from t_C2212 >= 1.0 to t_C2210 <= 0.0
[Info] Common Ancestor: Root
[Info] Undoing Action: t_C2212 >= 1.0
[Info] Undoing Action: t_C2213 >= 1.0
[Info] Undoing Action: t_C2134 >= 1.0
[Info] Applying Action: t_C2134 <= 0.0
[Info] Applying Action: t_C2210 <= 0.0
[Info] LP Objective: 5840.587108287167
[Info] Total Leaves So Far: 5
[Info] Branching on t_C2247 with LP Solution: 0.5650345057621033
[Info] Created Node t_C2247>=1.0
[Info] Created Node t_C2247<=0.0
[Info] Node #7: t_C2213 <= 0.0 Depth: 2
[Info] Switching from t_C2210 <= 0.0 to t_C2213 <= 0.0
[Info] Common Ancestor: Root
[Info] Undoing Action: t_C2210 <= 0.0
[Info] Undoing Action: t_C2134 <= 0.0
[Info] Applying Action: t_C2134 >= 1.0
[Info] Applying Action: t_C2213 <= 0.0
[Info] LP Objective: 5840.592646106982
[Info] Total Leaves So Far: 6
[Info] Branching on t_C2136 with LP Solution: 0.48117167075733935
[Info] Created Node t_C2136>=1.0
[Info] Created Node t_C2136<=0.0
[Info] Node #8: t_C2212 <= 0.0 Depth: 3
[Info] Switching from t_C2213 <= 0.0 to t_C2212 <= 0.0
[Info] Common Ancestor: t_C2134 >= 1.0
[Info] Undoing Action: t_C2213 <= 0.0
[Info] Applying Action: t_C2213 >= 1.0
[Info] Applying Action: t_C2212 <= 0.0
[Info] LP Objective: 5840.729552405304
[Info] Total Leaves So Far: 7
[Info] Branching on t_C2210 with LP Solution: 0.45017376358324973
[Info] Created Node t_C2210>=1.0
[Info] Created Node t_C2210<=0.0
[Info] Node #9: t_C2210 <= 0.0 Depth: 4
[Info] Switching from t_C2212 <= 0.0 to t_C2210 <= 0.0
[Info] Common Ancestor: t_C2213 >= 1.0
[Info] Undoing Action: t_C2212 <= 0.0
[Info] Applying Action: t_C2212 >= 1.0
[Info] Applying Action: t_C2210 <= 0.0
[Info] LP Objective: 5840.781055580717
[Info] Total Leaves So Far: 8
[Info] Branching on t_C2260 with LP Solution: 0.5018333934881363
[Info] Created Node t_C2260>=1.0
[Info] Created Node t_C2260<=0.0
[Info] Node #10: t_C2260 <= 0.0 Depth: 5
[Info] Switching from t_C2210 <= 0.0 to t_C2260 <= 0.0
[Info] Common Ancestor: t_C2210 <= 0.0
[Info] Applying Action: t_C2260 <= 0.0
[Info] LP Objective: 5840.9233087497305
[Info] Total Leaves So Far: 9
[Info] Branching on t_C2246 with LP Solution: 0.4926306893323896
[Info] Created Node t_C2246>=1.0
[Info] Created Node t_C2246<=0.0
[Info] Node #11: t_C2210 <= 0.0 Depth: 4
[Info] Switching from t_C2260 <= 0.0 to t_C2210 <= 0.0
[Info] Common Ancestor: t_C2213 >= 1.0
[Info] Undoing Action: t_C2260 <= 0.0
[Info] Undoing Action: t_C2210 <= 0.0
[Info] Undoing Action: t_C2212 >= 1.0
[Info] Applying Action: t_C2212 <= 0.0
[Info] Applying Action: t_C2210 <= 0.0
[Info] LP Objective: 5840.946577794741
[Info] Total Leaves So Far: 10
[Info] Branching on t_C2242 with LP Solution: 0.48384136896388413
[Info] Created Node t_C2242>=1.0
[Info] Created Node t_C2242<=0.0
[Info] Node #12: t_C2247 >= 1.0 Depth: 3
[Info] Switching from t_C2210 <= 0.0 to t_C2247 >= 1.0
[Info] Common Ancestor: Root
[Info] Undoing Action: t_C2210 <= 0.0
[Info] Undoing Action: t_C2212 <= 0.0
[Info] Undoing Action: t_C2213 >= 1.0
[Info] Undoing Action: t_C2134 >= 1.0
[Info] Applying Action: t_C2134 <= 0.0
[Info] Applying Action: t_C2210 <= 0.0
[Info] Applying Action: t_C2247 >= 1.0
[Info] LP Objective: 5841.250584936124
[Info] Total Leaves So Far: 11
[Info] Branching on t_C2243 with LP Solution: 0.4676428843378623
[Info] Created Node t_C2243>=1.0
[Info] Created Node t_C2243<=0.0
[Info] Node #13: t_C2246 >= 1.0 Depth: 6
[Info] Switching from t_C2247 >= 1.0 to t_C2246 >= 1.0
[Info] Common Ancestor: Root
[Info] Undoing Action: t_C2247 >= 1.0
[Info] Undoing Action: t_C2210 <= 0.0
[Info] Undoing Action: t_C2134 <= 0.0
[Info] Applying Action: t_C2134 >= 1.0
[Info] Applying Action: t_C2213 >= 1.0
[Info] Applying Action: t_C2212 >= 1.0
[Info] Applying Action: t_C2210 <= 0.0
[Info] Applying Action: t_C2260 <= 0.0
[Info] Applying Action: t_C2246 >= 1.0
[Info] LP Objective: 5841.283891510158
[Info] Total Leaves So Far: 12
[Info] Branching on t_C2263 with LP Solution: 0.4367759968638496
[Info] Created Node t_C2263>=1.0
[Info] Created Node t_C2263<=0.0
[Info] Node #14: t_C2263 >= 1.0 Depth: 7
[Info] Switching from t_C2246 >= 1.0 to t_C2263 >= 1.0
[Info] Common Ancestor: t_C2246 >= 1.0
[Info] Applying Action: t_C2263 >= 1.0
[Info] LP Objective: 5841.328747148562
[Info] Total Leaves So Far: 13
[Info] Branching on t_C2240 with LP Solution: 0.4170545249584383
[Info] Created Node t_C2240>=1.0
[Info] Created Node t_C2240<=0.0
[Info] Node #15: t_C2263 <= 0.0 Depth: 7
[Info] Switching from t_C2263 >= 1.0 to t_C2263 <= 0.0
[Info] Common Ancestor: t_C2246 >= 1.0
[Info] Undoing Action: t_C2263 >= 1.0
[Info] Applying Action: t_C2263 <= 0.0
[Info] LP Objective: 5841.39609889139
[Info] Total Leaves So Far: 14
[Info] Branching on t_C2240 with LP Solution: 0.4215292088789466
[Info] Created Node t_C2240>=1.0
[Info] Created Node t_C2240<=0.0
[Info] Node #16: t_C2136 <= 0.0 Depth: 3
[Info] Switching from t_C2263 <= 0.0 to t_C2136 <= 0.0
[Info] Common Ancestor: t_C2134 >= 1.0
[Info] Undoing Action: t_C2263 <= 0.0
[Info] Undoing Action: t_C2246 >= 1.0
[Info] Undoing Action: t_C2260 <= 0.0
[Info] Undoing Action: t_C2210 <= 0.0
[Info] Undoing Action: t_C2212 >= 1.0
[Info] Undoing Action: t_C2213 >= 1.0
[Info] Applying Action: t_C2213 <= 0.0
[Info] Applying Action: t_C2136 <= 0.0
[Info] LP Objective: 5841.471711546644
[Info] Total Leaves So Far: 15
[Info] Branching on t_C2156 with LP Solution: 0.5280818606933256
[Info] Created Node t_C2156>=1.0
[Info] Created Node t_C2156<=0.0
[Info] Node #17: t_C2246 <= 0.0 Depth: 6
[Info] Switching from t_C2136 <= 0.0 to t_C2246 <= 0.0
[Info] Common Ancestor: t_C2134 >= 1.0
[Info] Undoing Action: t_C2136 <= 0.0
[Info] Undoing Action: t_C2213 <= 0.0
[Info] Applying Action: t_C2213 >= 1.0
[Info] Applying Action: t_C2212 >= 1.0
[Info] Applying Action: t_C2210 <= 0.0
[Info] Applying Action: t_C2260 <= 0.0
[Info] Applying Action: t_C2246 <= 0.0
[Info] LP Objective: 5841.507575431271
[Info] Total Leaves So Far: 16
[Info] Branching on t_C2180 with LP Solution: 0.4994705740011192
[Info] Created Node t_C2180>=1.0
[Info] Created Node t_C2180<=0.0
[Info] Node #18: t_C2247 <= 0.0 Depth: 3
[Info] Switching from t_C2246 <= 0.0 to t_C2247 <= 0.0
[Info] Common Ancestor: Root
[Info] Undoing Action: t_C2246 <= 0.0
[Info] Undoing Action: t_C2260 <= 0.0
[Info] Undoing Action: t_C2210 <= 0.0
[Info] Undoing Action: t_C2212 >= 1.0
[Info] Undoing Action: t_C2213 >= 1.0
[Info] Undoing Action: t_C2134 >= 1.0
[Info] Applying Action: t_C2134 <= 0.0
[Info] Applying Action: t_C2210 <= 0.0
[Info] Applying Action: t_C2247 <= 0.0
[Info] LP Objective: 5841.533389027394
[Info] Total Leaves So Far: 17
[Info] Branching on t_C2158 with LP Solution: 0.5063652919022795
[Info] Created Node t_C2158>=1.0
[Info] Created Node t_C2158<=0.0
[Info] Node #19: t_C2242 <= 0.0 Depth: 5
[Info] Switching from t_C2247 <= 0.0 to t_C2242 <= 0.0
[Info] Common Ancestor: Root
[Info] Undoing Action: t_C2247 <= 0.0
[Info] Undoing Action: t_C2210 <= 0.0
[Info] Undoing Action: t_C2134 <= 0.0
[Info] Applying Action: t_C2134 >= 1.0
[Info] Applying Action: t_C2213 >= 1.0
[Info] Applying Action: t_C2212 <= 0.0
[Info] Applying Action: t_C2210 <= 0.0
[Info] Applying Action: t_C2242 <= 0.0
[Info] LP Objective: 5841.743017762503
[Info] Total Leaves So Far: 18
[Info] Branching on t_C2245 with LP Solution: 0.5012344116943954
[Info] Created Node t_C2245>=1.0
[Info] Created Node t_C2245<=0.0
[Info] Node #20: t_C2136 >= 1.0 Depth: 3
[Info] Switching from t_C2242 <= 0.0 to t_C2136 >= 1.0
[Info] Common Ancestor: t_C2134 >= 1.0
[Info] Undoing Action: t_C2242 <= 0.0
[Info] Undoing Action: t_C2210 <= 0.0
[Info] Undoing Action: t_C2212 <= 0.0
[Info] Undoing Action: t_C2213 >= 1.0
[Info] Applying Action: t_C2213 <= 0.0
[Info] Applying Action: t_C2136 >= 1.0
[Info] LP Objective: 5841.857751521015
[Info] Total Leaves So Far: 19
[Info] Branching on t_C2247 with LP Solution: 0.49172838550670805
[Info] Created Node t_C2247>=1.0
[Info] Created Node t_C2247<=0.0
[Info] Node #21: t_C2158 <= 0.0 Depth: 4
[Info] Switching from t_C2136 >= 1.0 to t_C2158 <= 0.0
[Info] Common Ancestor: Root
[Info] Undoing Action: t_C2136 >= 1.0
[Info] Undoing Action: t_C2213 <= 0.0
[Info] Undoing Action: t_C2134 >= 1.0
[Info] Applying Action: t_C2134 <= 0.0
[Info] Applying Action: t_C2210 <= 0.0
[Info] Applying Action: t_C2247 <= 0.0
[Info] Applying Action: t_C2158 <= 0.0
[Info] LP Objective: 5842.191725799791
[Info] Total Leaves So Far: 20
[Info] Branching on t_C2180 with LP Solution: 0.5926382512717384
[Info] Created Node t_C2180>=1.0
[Info] Created Node t_C2180<=0.0
[Info] Node #22: t_C2156 <= 0.0 Depth: 4
[Info] Switching from t_C2158 <= 0.0 to t_C2156 <= 0.0
[Info] Common Ancestor: Root
[Info] Undoing Action: t_C2158 <= 0.0
[Info] Undoing Action: t_C2247 <= 0.0
[Info] Undoing Action: t_C2210 <= 0.0
[Info] Undoing Action: t_C2134 <= 0.0
[Info] Applying Action: t_C2134 >= 1.0
[Info] Applying Action: t_C2213 <= 0.0
[Info] Applying Action: t_C2136 <= 0.0
[Info] Applying Action: t_C2156 <= 0.0
[Info] LP Objective: 5842.1983592334755
[Info] Total Leaves So Far: 21
[Info] Branching on t_C2210 with LP Solution: 0.47397683168113663
[Info] Created Node t_C2210>=1.0
[Info] Created Node t_C2210<=0.0
[Info] Node #23: t_C2243 <= 0.0 Depth: 4
[Info] Switching from t_C2156 <= 0.0 to t_C2243 <= 0.0
[Info] Common Ancestor: Root
[Info] Undoing Action: t_C2156 <= 0.0
[Info] Undoing Action: t_C2136 <= 0.0
[Info] Undoing Action: t_C2213 <= 0.0
[Info] Undoing Action: t_C2134 >= 1.0
[Info] Applying Action: t_C2134 <= 0.0
[Info] Applying Action: t_C2210 <= 0.0
[Info] Applying Action: t_C2247 >= 1.0
[Info] Applying Action: t_C2243 <= 0.0
[Info] LP Objective: 5842.425284760548
[Info] Total Leaves So Far: 22
[Info] Branching on t_C2251 with LP Solution: 0.5530716450757351
[Info] Created Node t_C2251>=1.0
[Info] Created Node t_C2251<=0.0
[Info] Node #24: t_C2180 <= 0.0 Depth: 5
[Info] Switching from t_C2243 <= 0.0 to t_C2180 <= 0.0
[Info] Common Ancestor: t_C2210 <= 0.0
[Info] Undoing Action: t_C2243 <= 0.0
[Info] Undoing Action: t_C2247 >= 1.0
[Info] Applying Action: t_C2247 <= 0.0
[Info] Applying Action: t_C2158 <= 0.0
[Info] Applying Action: t_C2180 <= 0.0
[Info] LP Objective: 5842.556867239531
[Info] Total Leaves So Far: 23
[Info] Branching on t_C2243 with LP Solution: 0.48624480035451473
[Info] Created Node t_C2243>=1.0
[Info] Created Node t_C2243<=0.0
[Info] Node #25: t_C2180 <= 0.0 Depth: 7
[Info] Switching from t_C2180 <= 0.0 to t_C2180 <= 0.0
[Info] Common Ancestor: Root
[Info] Undoing Action: t_C2180 <= 0.0
[Info] Undoing Action: t_C2158 <= 0.0
[Info] Undoing Action: t_C2247 <= 0.0
[Info] Undoing Action: t_C2210 <= 0.0
[Info] Undoing Action: t_C2134 <= 0.0
[Info] Applying Action: t_C2134 >= 1.0
[Info] Applying Action: t_C2213 >= 1.0
[Info] Applying Action: t_C2212 >= 1.0
[Info] Applying Action: t_C2210 <= 0.0
[Info] Applying Action: t_C2260 <= 0.0
[Info] Applying Action: t_C2246 <= 0.0
[Info] Applying Action: t_C2180 <= 0.0
[Info] LP Objective: 5842.6614070116875
[Info] Total Leaves So Far: 24
[Info] Branching on t_C2250 with LP Solution: 0.4918062027448045
[Info] Created Node t_C2250>=1.0
[Info] Created Node t_C2250<=0.0
[Info] Node #26: t_C2245 <= 0.0 Depth: 6
[Info] Switching from t_C2180 <= 0.0 to t_C2245 <= 0.0
[Info] Common Ancestor: t_C2213 >= 1.0
[Info] Undoing Action: t_C2180 <= 0.0
[Info] Undoing Action: t_C2246 <= 0.0
[Info] Undoing Action: t_C2260 <= 0.0
[Info] Undoing Action: t_C2210 <= 0.0
[Info] Undoing Action: t_C2212 >= 1.0
[Info] Applying Action: t_C2212 <= 0.0
[Info] Applying Action: t_C2210 <= 0.0
[Info] Applying Action: t_C2242 <= 0.0
[Info] Applying Action: t_C2245 <= 0.0
[Info] LP Objective: 5842.665931359047
[Info] Total Leaves So Far: 25
[Info] Branching on t_C2241 with LP Solution: 0.5016602676809438
[Info] Created Node t_C2241>=1.0
[Info] Created Node t_C2241<=0.0
[Info] Node #27: t_C2158 >= 1.0 Depth: 4
[Info] Switching from t_C2245 <= 0.0 to t_C2158 >= 1.0
[Info] Common Ancestor: Root
[Info] Undoing Action: t_C2245 <= 0.0
[Info] Undoing Action: t_C2242 <= 0.0
[Info] Undoing Action: t_C2210 <= 0.0
[Info] Undoing Action: t_C2212 <= 0.0
[Info] Undoing Action: t_C2213 >= 1.0
[Info] Undoing Action: t_C2134 >= 1.0
[Info] Applying Action: t_C2134 <= 0.0
[Info] Applying Action: t_C2210 <= 0.0
[Info] Applying Action: t_C2247 <= 0.0
[Info] Applying Action: t_C2158 >= 1.0
[Info] LP Objective: 5842.686297259177
[Info] Total Leaves So Far: 26
[Info] Branching on t_C2296 with LP Solution: 0.46351702409070306
[Info] Created Node t_C2296>=1.0
[Info] Created Node t_C2296<=0.0
[Info] Node #28: t_C2210 <= 0.0 Depth: 5
[Info] Switching from t_C2158 >= 1.0 to t_C2210 <= 0.0
[Info] Common Ancestor: Root
[Info] Undoing Action: t_C2158 >= 1.0
[Info] Undoing Action: t_C2247 <= 0.0
[Info] Undoing Action: t_C2210 <= 0.0
[Info] Undoing Action: t_C2134 <= 0.0
[Info] Applying Action: t_C2134 >= 1.0
[Info] Applying Action: t_C2213 <= 0.0
[Info] Applying Action: t_C2136 <= 0.0
[Info] Applying Action: t_C2156 <= 0.0
[Info] Applying Action: t_C2210 <= 0.0
[Info] LP Objective: 5842.775884298724
[Info] Total Leaves So Far: 27
[Info] Branching on t_C2260 with LP Solution: 0.5950286231826696
[Info] Created Node t_C2260>=1.0
[Info] Created Node t_C2260<=0.0
[Info] Node #29: t_C2243 >= 1.0 Depth: 4
[Info] Switching from t_C2210 <= 0.0 to t_C2243 >= 1.0
[Info] Common Ancestor: Root
[Info] Undoing Action: t_C2210 <= 0.0
[Info] Undoing Action: t_C2156 <= 0.0
[Info] Undoing Action: t_C2136 <= 0.0
[Info] Undoing Action: t_C2213 <= 0.0
[Info] Undoing Action: t_C2134 >= 1.0
[Info] Applying Action: t_C2134 <= 0.0
[Info] Applying Action: t_C2210 <= 0.0
[Info] Applying Action: t_C2247 >= 1.0
[Info] Applying Action: t_C2243 >= 1.0
[Info] LP Objective: 5842.991887226761
[Info] Total Leaves So Far: 28
[Info] Branching on t_C2133 with LP Solution: 0.41509451984691387
[Info] Created Node t_C2133>=1.0
[Info] Created Node t_C2133<=0.0
[Info] Node #30: t_C2247 >= 1.0 Depth: 4
[Info] Switching from t_C2243 >= 1.0 to t_C2247 >= 1.0
[Info] Common Ancestor: Root
[Info] Undoing Action: t_C2243 >= 1.0
[Info] Undoing Action: t_C2247 >= 1.0
[Info] Undoing Action: t_C2210 <= 0.0
[Info] Undoing Action: t_C2134 <= 0.0
[Info] Applying Action: t_C2134 >= 1.0
[Info] Applying Action: t_C2213 <= 0.0
[Info] Applying Action: t_C2136 >= 1.0
[Info] Applying Action: t_C2247 >= 1.0
[Info] LP Objective: 5843.030775585895
[Info] Total Leaves So Far: 29
[Info] Branching on t_C2253 with LP Solution: 0.49748915623331236
[Info] Created Node t_C2253>=1.0
[Info] Created Node t_C2253<=0.0
[Info] Node #31: t_C2260 >= 1.0 Depth: 5
[Info] Switching from t_C2247 >= 1.0 to t_C2260 >= 1.0
[Info] Common Ancestor: t_C2134 >= 1.0
[Info] Undoing Action: t_C2247 >= 1.0
[Info] Undoing Action: t_C2136 >= 1.0
[Info] Undoing Action: t_C2213 <= 0.0
[Info] Applying Action: t_C2213 >= 1.0
[Info] Applying Action: t_C2212 >= 1.0
[Info] Applying Action: t_C2210 <= 0.0
[Info] Applying Action: t_C2260 >= 1.0
[Info] LP Objective: 5843.128743198064
[Info] Total Leaves So Far: 30
[Info] Branching on t_C2241 with LP Solution: 0.5031140802820528
[Info] Created Node t_C2241>=1.0
[Info] Created Node t_C2241<=0.0
[Info] Node #32: t_C2210 >= 1.0 Depth: 4
[Info] Switching from t_C2260 >= 1.0 to t_C2210 >= 1.0
[Info] Common Ancestor: t_C2212 >= 1.0
[Info] Undoing Action: t_C2260 >= 1.0
[Info] Undoing Action: t_C2210 <= 0.0
[Info] Applying Action: t_C2210 >= 1.0
[Info] LP Objective: 5843.228295010864
[Info] Total Leaves So Far: 31
[Info] Branching on t_C2211 with LP Solution: 0.5953666964439958
[Info] Created Node t_C2211>=1.0
[Info] Created Node t_C2211<=0.0
[Info] Node #33: t_C2245 >= 1.0 Depth: 6
[Info] Switching from t_C2210 >= 1.0 to t_C2245 >= 1.0
[Info] Common Ancestor: t_C2213 >= 1.0
[Info] Undoing Action: t_C2210 >= 1.0
[Info] Undoing Action: t_C2212 >= 1.0
[Info] Applying Action: t_C2212 <= 0.0
[Info] Applying Action: t_C2210 <= 0.0
[Info] Applying Action: t_C2242 <= 0.0
[Info] Applying Action: t_C2245 >= 1.0
[Info] LP Objective: 5843.301396570494
[Info] Total Leaves So Far: 32
[Info] Branching on t_C2180 with LP Solution: 0.5121215472002516
[Info] Created Node t_C2180>=1.0
[Info] Created Node t_C2180<=0.0
[Info] Node #34: t_C2242 >= 1.0 Depth: 5
[Info] Switching from t_C2245 >= 1.0 to t_C2242 >= 1.0
[Info] Common Ancestor: t_C2210 <= 0.0
[Info] Undoing Action: t_C2245 >= 1.0
[Info] Undoing Action: t_C2242 <= 0.0
[Info] Applying Action: t_C2242 >= 1.0
[Info] LP Objective: 5843.310198981009
[Info] Total Leaves So Far: 33
[Info] Branching on t_C2190 with LP Solution: 0.4810359438803045
[Info] Created Node t_C2190>=1.0
[Info] Created Node t_C2190<=0.0
[Info] Node #35: t_C2251 >= 1.0 Depth: 5
[Info] Switching from t_C2242 >= 1.0 to t_C2251 >= 1.0
[Info] Common Ancestor: Root
[Info] Undoing Action: t_C2242 >= 1.0
[Info] Undoing Action: t_C2210 <= 0.0
[Info] Undoing Action: t_C2212 <= 0.0
[Info] Undoing Action: t_C2213 >= 1.0
[Info] Undoing Action: t_C2134 >= 1.0
[Info] Applying Action: t_C2134 <= 0.0
[Info] Applying Action: t_C2210 <= 0.0
[Info] Applying Action: t_C2247 >= 1.0
[Info] Applying Action: t_C2243 <= 0.0
[Info] Applying Action: t_C2251 >= 1.0
[Info] LP Objective: 5843.468319222386
[Info] Total Leaves So Far: 34
[Info] Branching on t_C2223 with LP Solution: 0.45490737419033367
[Info] Created Node t_C2223>=1.0
[Info] Created Node t_C2223<=0.0
[Info] Node #36: t_C2251 <= 0.0 Depth: 5
[Info] Switching from t_C2251 >= 1.0 to t_C2251 <= 0.0
[Info] Common Ancestor: t_C2243 <= 0.0
[Info] Undoing Action: t_C2251 >= 1.0
[Info] Applying Action: t_C2251 <= 0.0
[Info] LP Objective: 5843.490021884775
[Info] Total Leaves So Far: 35
[Info] Branching on t_C2240 with LP Solution: 0.4984167591125196
[Info] Created Node t_C2240>=1.0
[Info] Created Node t_C2240<=0.0
[Info] Node #37: t_C2243 <= 0.0 Depth: 6
[Info] Switching from t_C2251 <= 0.0 to t_C2243 <= 0.0
[Info] Common Ancestor: t_C2210 <= 0.0
[Info] Undoing Action: t_C2251 <= 0.0
[Info] Undoing Action: t_C2243 <= 0.0
[Info] Undoing Action: t_C2247 >= 1.0
[Info] Applying Action: t_C2247 <= 0.0
[Info] Applying Action: t_C2158 <= 0.0
[Info] Applying Action: t_C2180 <= 0.0
[Info] Applying Action: t_C2243 <= 0.0
[Info] LP Objective: 5843.558506575263
[Info] Total Leaves So Far: 36
[Info] Branching on t_C2251 with LP Solution: 0.48175551987763693
[Info] Created Node t_C2251>=1.0
[Info] Created Node t_C2251<=0.0
[Info] Node #38: t_C2156 >= 1.0 Depth: 4
[Info] Switching from t_C2243 <= 0.0 to t_C2156 >= 1.0
[Info] Common Ancestor: Root
[Info] Undoing Action: t_C2243 <= 0.0
[Info] Undoing Action: t_C2180 <= 0.0
[Info] Undoing Action: t_C2158 <= 0.0
[Info] Undoing Action: t_C2247 <= 0.0
[Info] Undoing Action: t_C2210 <= 0.0
[Info] Undoing Action: t_C2134 <= 0.0
[Info] Applying Action: t_C2134 >= 1.0
[Info] Applying Action: t_C2213 <= 0.0
[Info] Applying Action: t_C2136 <= 0.0
[Info] Applying Action: t_C2156 >= 1.0
[Info] LP Objective: 5843.60455424515
[Info] Total Leaves So Far: 37
[Info] Branching on t_C2245 with LP Solution: 0.5286369215825477
[Info] Created Node t_C2245>=1.0
[Info] Created Node t_C2245<=0.0
[Info] Node #39: t_C2247 <= 0.0 Depth: 4
[Info] Switching from t_C2156 >= 1.0 to t_C2247 <= 0.0
[Info] Common Ancestor: t_C2213 <= 0.0
[Info] Undoing Action: t_C2156 >= 1.0
[Info] Undoing Action: t_C2136 <= 0.0
[Info] Applying Action: t_C2136 >= 1.0
[Info] Applying Action: t_C2247 <= 0.0
[Info] LP Objective: 5843.690237756421
[Info] Total Leaves So Far: 38
[Info] Branching on t_C2263 with LP Solution: 0.5706613060429252
[Info] Created Node t_C2263>=1.0
[Info] Created Node t_C2263<=0.0
[Info] Node #40: t_C2210 >= 1.0 Depth: 2
[Info] Switching from t_C2247 <= 0.0 to t_C2210 >= 1.0
[Info] Common Ancestor: Root
[Info] Undoing Action: t_C2247 <= 0.0
[Info] Undoing Action: t_C2136 >= 1.0
[Info] Undoing Action: t_C2213 <= 0.0
[Info] Undoing Action: t_C2134 >= 1.0
[Info] Applying Action: t_C2134 <= 0.0
[Info] Applying Action: t_C2210 >= 1.0
[Info] LP Objective: 5843.758839946431
[Info] Total Leaves So Far: 39
[Info] Branching on t_C2247 with LP Solution: 0.5188527889122891
[Info] Created Node t_C2247>=1.0
[Info] Created Node t_C2247<=0.0
[Info] Node #41: t_C2253 <= 0.0 Depth: 5
[Info] Switching from t_C2210 >= 1.0 to t_C2253 <= 0.0
[Info] Common Ancestor: Root
[Info] Undoing Action: t_C2210 >= 1.0
[Info] Undoing Action: t_C2134 <= 0.0
[Info] Applying Action: t_C2134 >= 1.0
[Info] Applying Action: t_C2213 <= 0.0
[Info] Applying Action: t_C2136 >= 1.0
[Info] Applying Action: t_C2247 >= 1.0
[Info] Applying Action: t_C2253 <= 0.0
[Info] LP Objective: 5843.8604738722825
[Info] Total Leaves So Far: 40
[Info] Branching on t_C2243 with LP Solution: 0.46664865051718724
[Info] Created Node t_C2243>=1.0
[Info] Created Node t_C2243<=0.0
[Info] Node #42: t_C2296 <= 0.0 Depth: 5
[Info] Switching from t_C2253 <= 0.0 to t_C2296 <= 0.0
[Info] Common Ancestor: Root
[Info] Undoing Action: t_C2253 <= 0.0
[Info] Undoing Action: t_C2247 >= 1.0
[Info] Undoing Action: t_C2136 >= 1.0
[Info] Undoing Action: t_C2213 <= 0.0
[Info] Undoing Action: t_C2134 >= 1.0
[Info] Applying Action: t_C2134 <= 0.0
[Info] Applying Action: t_C2210 <= 0.0
[Info] Applying Action: t_C2247 <= 0.0
[Info] Applying Action: t_C2158 >= 1.0
[Info] Applying Action: t_C2296 <= 0.0
[Info] LP Objective: 5843.971461586421
[Info] Total Leaves So Far: 41
[Info] Branching on t_C2240 with LP Solution: 0.458385132904954
[Info] Created Node t_C2240>=1.0
[Info] Created Node t_C2240<=0.0
[Info] Node #43: t_C2243 >= 1.0 Depth: 6
[Info] Switching from t_C2296 <= 0.0 to t_C2243 >= 1.0
[Info] Common Ancestor: t_C2247 <= 0.0
[Info] Undoing Action: t_C2296 <= 0.0
[Info] Undoing Action: t_C2158 >= 1.0
[Info] Applying Action: t_C2158 <= 0.0
[Info] Applying Action: t_C2180 <= 0.0
[Info] Applying Action: t_C2243 >= 1.0
[Info] LP Objective: 5844.110334815923
[Info] Total Leaves So Far: 42
[Info] Branching on t_C2132 with LP Solution: 0.5849054801530864
[Info] Created Node t_C2132>=1.0
[Info] Created Node t_C2132<=0.0
[Info] Node #44: t_C2241 >= 1.0 Depth: 7
[Info] Switching from t_C2243 >= 1.0 to t_C2241 >= 1.0
[Info] Common Ancestor: Root
[Info] Undoing Action: t_C2243 >= 1.0
[Info] Undoing Action: t_C2180 <= 0.0
[Info] Undoing Action: t_C2158 <= 0.0
[Info] Undoing Action: t_C2247 <= 0.0
[Info] Undoing Action: t_C2210 <= 0.0
[Info] Undoing Action: t_C2134 <= 0.0
[Info] Applying Action: t_C2134 >= 1.0
[Info] Applying Action: t_C2213 >= 1.0
[Info] Applying Action: t_C2212 <= 0.0
[Info] Applying Action: t_C2210 <= 0.0
[Info] Applying Action: t_C2242 <= 0.0
[Info] Applying Action: t_C2245 <= 0.0
[Info] Applying Action: t_C2241 >= 1.0
[Info] LP Objective: 5844.166570814529
[Info] Total Leaves So Far: 43
[Info] Branching on t_C2136 with LP Solution: 0.437578677555585
[Info] Created Node t_C2136>=1.0
[Info] Created Node t_C2136<=0.0
[Info] Node #45: t_C2211 <= 0.0 Depth: 5
[Info] Switching from t_C2241 >= 1.0 to t_C2211 <= 0.0
[Info] Common Ancestor: t_C2213 >= 1.0
[Info] Undoing Action: t_C2241 >= 1.0
[Info] Undoing Action: t_C2245 <= 0.0
[Info] Undoing Action: t_C2242 <= 0.0
[Info] Undoing Action: t_C2210 <= 0.0
[Info] Undoing Action: t_C2212 <= 0.0
[Info] Applying Action: t_C2212 >= 1.0
[Info] Applying Action: t_C2210 >= 1.0
[Info] Applying Action: t_C2211 <= 0.0
[Info] LP Objective: 5844.214752623086
[Info] Total Leaves So Far: 44
[Info] Branching on t_C2241 with LP Solution: 0.46972781104457806
[Info] Created Node t_C2241>=1.0
[Info] Created Node t_C2241<=0.0
[Info] Node #46: t_C2240 >= 1.0 Depth: 6
[Info] Switching from t_C2211 <= 0.0 to t_C2240 >= 1.0
[Info] Common Ancestor: Root
[Info] Undoing Action: t_C2211 <= 0.0
[Info] Undoing Action: t_C2210 >= 1.0
[Info] Undoing Action: t_C2212 >= 1.0
[Info] Undoing Action: t_C2213 >= 1.0
[Info] Undoing Action: t_C2134 >= 1.0
[Info] Applying Action: t_C2134 <= 0.0
[Info] Applying Action: t_C2210 <= 0.0
[Info] Applying Action: t_C2247 >= 1.0
[Info] Applying Action: t_C2243 <= 0.0
[Info] Applying Action: t_C2251 <= 0.0
[Info] Applying Action: t_C2240 >= 1.0
[Info] LP Objective: 5844.229544277905
[Info] Total Leaves So Far: 45
[Info] Branching on t_C2164 with LP Solution: 0.5301935084604577
[Info] Created Node t_C2164>=1.0
[Info] Created Node t_C2164<=0.0
[Info] Node #47: t_C2210 >= 1.0 Depth: 4
[Info] Switching from t_C2240 >= 1.0 to t_C2210 >= 1.0
[Info] Common Ancestor: Root
[Info] Undoing Action: t_C2240 >= 1.0
[Info] Undoing Action: t_C2251 <= 0.0
[Info] Undoing Action: t_C2243 <= 0.0
[Info] Undoing Action: t_C2247 >= 1.0
[Info] Undoing Action: t_C2210 <= 0.0
[Info] Undoing Action: t_C2134 <= 0.0
[Info] Applying Action: t_C2134 >= 1.0
[Info] Applying Action: t_C2213 >= 1.0
[Info] Applying Action: t_C2212 <= 0.0
[Info] Applying Action: t_C2210 >= 1.0
[Info] LP Objective: 5844.240281264181
[Info] Total Leaves So Far: 46
[Info] Branching on t_C2267 with LP Solution: 0.5525518182477787
[Info] Created Node t_C2267>=1.0
[Info] Created Node t_C2267<=0.0
[Info] Node #48: t_C2267 >= 1.0 Depth: 5
[Info] Switching from t_C2210 >= 1.0 to t_C2267 >= 1.0
[Info] Common Ancestor: t_C2210 >= 1.0
[Info] Applying Action: t_C2267 >= 1.0
[Info] LP Objective: 5844.333982255426
[Info] Total Leaves So Far: 47
[Info] Branching on t_C2243 with LP Solution: 0.5086828595496201
[Info] Created Node t_C2243>=1.0
[Info] Created Node t_C2243<=0.0
[Info] Node #49: t_C2263 >= 1.0 Depth: 5
[Info] Switching from t_C2267 >= 1.0 to t_C2263 >= 1.0
[Info] Common Ancestor: t_C2134 >= 1.0
[Info] Undoing Action: t_C2267 >= 1.0
[Info] Undoing Action: t_C2210 >= 1.0
[Info] Undoing Action: t_C2212 <= 0.0
[Info] Undoing Action: t_C2213 >= 1.0
[Info] Applying Action: t_C2213 <= 0.0
[Info] Applying Action: t_C2136 >= 1.0
[Info] Applying Action: t_C2247 <= 0.0
[Info] Applying Action: t_C2263 >= 1.0
[Info] LP Objective: 5844.3559492360755
[Info] Total Leaves So Far: 48
[Info] Branching on t_C2243 with LP Solution: 0.5017983137467538
[Info] Created Node t_C2243>=1.0
[Info] Created Node t_C2243<=0.0
[Info] Node #50: t_C2241 <= 0.0 Depth: 6
[Info] Switching from t_C2263 >= 1.0 to t_C2241 <= 0.0
[Info] Common Ancestor: t_C2134 >= 1.0
[Info] Undoing Action: t_C2263 >= 1.0
[Info] Undoing Action: t_C2247 <= 0.0
[Info] Undoing Action: t_C2136 >= 1.0
[Info] Undoing Action: t_C2213 <= 0.0
[Info] Applying Action: t_C2213 >= 1.0
[Info] Applying Action: t_C2212 >= 1.0
[Info] Applying Action: t_C2210 <= 0.0
[Info] Applying Action: t_C2260 >= 1.0
[Info] Applying Action: t_C2241 <= 0.0
[Info] LP Objective: 5844.596520606895
[Info] Total Leaves So Far: 49
[Info] Branching on t_C2244 with LP Solution: 0.3647787567114109
[Info] Created Node t_C2244>=1.0
[Info] Created Node t_C2244<=0.0
[Info] Node #51: t_C2164 <= 0.0 Depth: 7
[Info] Switching from t_C2241 <= 0.0 to t_C2164 <= 0.0
[Info] Common Ancestor: Root
[Info] Undoing Action: t_C2241 <= 0.0
[Info] Undoing Action: t_C2260 >= 1.0
[Info] Undoing Action: t_C2210 <= 0.0
[Info] Undoing Action: t_C2212 >= 1.0
[Info] Undoing Action: t_C2213 >= 1.0
[Info] Undoing Action: t_C2134 >= 1.0
[Info] Applying Action: t_C2134 <= 0.0
[Info] Applying Action: t_C2210 <= 0.0
[Info] Applying Action: t_C2247 >= 1.0
[Info] Applying Action: t_C2243 <= 0.0
[Info] Applying Action: t_C2251 <= 0.0
[Info] Applying Action: t_C2240 >= 1.0
[Info] Applying Action: t_C2164 <= 0.0
[Info] LP Objective: 5844.6087290543355
[Info] Total Leaves So Far: 50
[Info] Branching on t_C2298 with LP Solution: 0.5062924214551704
[Info] Created Node t_C2298>=1.0
[Info] Created Node t_C2298<=0.0
[Info] Node #52: t_C2211 >= 1.0 Depth: 5
[Info] Switching from t_C2164 <= 0.0 to t_C2211 >= 1.0
[Info] Common Ancestor: Root
[Info] Undoing Action: t_C2164 <= 0.0
[Info] Undoing Action: t_C2240 >= 1.0
[Info] Undoing Action: t_C2251 <= 0.0
[Info] Undoing Action: t_C2243 <= 0.0
[Info] Undoing Action: t_C2247 >= 1.0
[Info] Undoing Action: t_C2210 <= 0.0
[Info] Undoing Action: t_C2134 <= 0.0
[Info] Applying Action: t_C2134 >= 1.0
[Info] Applying Action: t_C2213 >= 1.0
[Info] Applying Action: t_C2212 >= 1.0
[Info] Applying Action: t_C2210 >= 1.0
[Info] Applying Action: t_C2211 >= 1.0
[Info] LP Objective: 5844.793870852753
[Info] Total Leaves So Far: 51
[Info] Branching on t_C2223 with LP Solution: 0.5943308567459439
[Info] Created Node t_C2223>=1.0
[Info] Created Node t_C2223<=0.0
[Info] Node #53: t_C2251 >= 1.0 Depth: 7
[Info] Switching from t_C2211 >= 1.0 to t_C2251 >= 1.0
[Info] Common Ancestor: Root
[Info] Undoing Action: t_C2211 >= 1.0
[Info] Undoing Action: t_C2210 >= 1.0
[Info] Undoing Action: t_C2212 >= 1.0
[Info] Undoing Action: t_C2213 >= 1.0
[Info] Undoing Action: t_C2134 >= 1.0
[Info] Applying Action: t_C2134 <= 0.0
[Info] Applying Action: t_C2210 <= 0.0
[Info] Applying Action: t_C2247 <= 0.0
[Info] Applying Action: t_C2158 <= 0.0
[Info] Applying Action: t_C2180 <= 0.0
[Info] Applying Action: t_C2243 <= 0.0
[Info] Applying Action: t_C2251 >= 1.0
[Info] LP Objective: 5844.823182510445
[Info] Total Leaves So Far: 52
[Info] Branching on t_C2297 with LP Solution: 0.3501733853306886
[Info] Created Node t_C2297>=1.0
[Info] Created Node t_C2297<=0.0
[Info] Node #54: t_C2245 <= 0.0 Depth: 5
[Info] Switching from t_C2251 >= 1.0 to t_C2245 <= 0.0
[Info] Common Ancestor: Root
[Info] Undoing Action: t_C2251 >= 1.0
[Info] Undoing Action: t_C2243 <= 0.0
[Info] Undoing Action: t_C2180 <= 0.0
[Info] Undoing Action: t_C2158 <= 0.0
[Info] Undoing Action: t_C2247 <= 0.0
[Info] Undoing Action: t_C2210 <= 0.0
[Info] Undoing Action: t_C2134 <= 0.0
[Info] Applying Action: t_C2134 >= 1.0
[Info] Applying Action: t_C2213 <= 0.0
[Info] Applying Action: t_C2136 <= 0.0
[Info] Applying Action: t_C2156 >= 1.0
[Info] Applying Action: t_C2245 <= 0.0
[Info] LP Objective: 5844.904933880615
[Info] Total Leaves So Far: 53
[Info] Branching on t_C2241 with LP Solution: 0.4802192927310879
[Info] Created Node t_C2241>=1.0
[Info] Created Node t_C2241<=0.0
[Info] Node #55: t_C2296 >= 1.0 Depth: 5
[Info] Switching from t_C2245 <= 0.0 to t_C2296 >= 1.0
[Info] Common Ancestor: Root
[Info] Undoing Action: t_C2245 <= 0.0
[Info] Undoing Action: t_C2156 >= 1.0
[Info] Undoing Action: t_C2136 <= 0.0
[Info] Undoing Action: t_C2213 <= 0.0
[Info] Undoing Action: t_C2134 >= 1.0
[Info] Applying Action: t_C2134 <= 0.0
[Info] Applying Action: t_C2210 <= 0.0
[Info] Applying Action: t_C2247 <= 0.0
[Info] Applying Action: t_C2158 >= 1.0
[Info] Applying Action: t_C2296 >= 1.0
[Info] LP Objective: 5844.955410321825
[Info] Total Leaves So Far: 54
[Info] Branching on t_C2260 with LP Solution: 0.4866226578227042
[Info] Created Node t_C2260>=1.0
[Info] Created Node t_C2260<=0.0
[Info] Node #56: t_C2133 <= 0.0 Depth: 5
[Info] Switching from t_C2296 >= 1.0 to t_C2133 <= 0.0
[Info] Common Ancestor: t_C2210 <= 0.0
[Info] Undoing Action: t_C2296 >= 1.0
[Info] Undoing Action: t_C2158 >= 1.0
[Info] Undoing Action: t_C2247 <= 0.0
[Info] Applying Action: t_C2247 >= 1.0
[Info] Applying Action: t_C2243 >= 1.0
[Info] Applying Action: t_C2133 <= 0.0
[Info] LP Objective: 5844.960124389877
[Info] Total Leaves So Far: 55
[Info] Branching on t_C2180 with LP Solution: 0.5004106313689063
[Info] Created Node t_C2180>=1.0
[Info] Created Node t_C2180<=0.0
[Info] Node #57: t_C2267 <= 0.0 Depth: 5
[Info] Switching from t_C2133 <= 0.0 to t_C2267 <= 0.0
[Info] Common Ancestor: Root
[Info] Undoing Action: t_C2133 <= 0.0
[Info] Undoing Action: t_C2243 >= 1.0
[Info] Undoing Action: t_C2247 >= 1.0
[Info] Undoing Action: t_C2210 <= 0.0
[Info] Undoing Action: t_C2134 <= 0.0
[Info] Applying Action: t_C2134 >= 1.0
[Info] Applying Action: t_C2213 >= 1.0
[Info] Applying Action: t_C2212 <= 0.0
[Info] Applying Action: t_C2210 >= 1.0
[Info] Applying Action: t_C2267 <= 0.0
[Info] LP Objective: 5844.990569575457
[Info] Total Leaves So Far: 56
[Info] Branching on t_C2244 with LP Solution: 0.660894679487178
[Info] Created Node t_C2244>=1.0
[Info] Created Node t_C2244<=0.0
[Info] Node #58: t_C2245 >= 1.0 Depth: 5
[Info] Switching from t_C2267 <= 0.0 to t_C2245 >= 1.0
[Info] Common Ancestor: t_C2134 >= 1.0
[Info] Undoing Action: t_C2267 <= 0.0
[Info] Undoing Action: t_C2210 >= 1.0
[Info] Undoing Action: t_C2212 <= 0.0
[Info] Undoing Action: t_C2213 >= 1.0
[Info] Applying Action: t_C2213 <= 0.0
[Info] Applying Action: t_C2136 <= 0.0
[Info] Applying Action: t_C2156 >= 1.0
[Info] Applying Action: t_C2245 >= 1.0
[Info] LP Objective: 5845.005214767514
[Info] Total Leaves So Far: 57
[Info] Branching on t_C2241 with LP Solution: 0.4015666013712049
[Info] Created Node t_C2241>=1.0
[Info] Created Node t_C2241<=0.0
[Info] Node #59: t_C2180 <= 0.0 Depth: 6
[Info] Switching from t_C2245 >= 1.0 to t_C2180 <= 0.0
[Info] Common Ancestor: Root
[Info] Undoing Action: t_C2245 >= 1.0
[Info] Undoing Action: t_C2156 >= 1.0
[Info] Undoing Action: t_C2136 <= 0.0
[Info] Undoing Action: t_C2213 <= 0.0
[Info] Undoing Action: t_C2134 >= 1.0
[Info] Applying Action: t_C2134 <= 0.0
[Info] Applying Action: t_C2210 <= 0.0
[Info] Applying Action: t_C2247 >= 1.0
[Info] Applying Action: t_C2243 >= 1.0
[Info] Applying Action: t_C2133 <= 0.0
[Info] Applying Action: t_C2180 <= 0.0
[Info] LP Objective: 5845.023107968114
[Info] Total Leaves So Far: 58
[Info] Branching on t_C2137 with LP Solution: 0.5088222780574431
[Info] Created Node t_C2137>=1.0
[Info] Created Node t_C2137<=0.0
[Info] Node #60: t_C2244 <= 0.0 Depth: 7
[Info] Switching from t_C2180 <= 0.0 to t_C2244 <= 0.0
[Info] Common Ancestor: Root
[Info] Undoing Action: t_C2180 <= 0.0
[Info] Undoing Action: t_C2133 <= 0.0
[Info] Undoing Action: t_C2243 >= 1.0
[Info] Undoing Action: t_C2247 >= 1.0
[Info] Undoing Action: t_C2210 <= 0.0
[Info] Undoing Action: t_C2134 <= 0.0
[Info] Applying Action: t_C2134 >= 1.0
[Info] Applying Action: t_C2213 >= 1.0
[Info] Applying Action: t_C2212 >= 1.0
[Info] Applying Action: t_C2210 <= 0.0
[Info] Applying Action: t_C2260 >= 1.0
[Info] Applying Action: t_C2241 <= 0.0
[Info] Applying Action: t_C2244 <= 0.0
[Info] LP Objective: 5845.025471069637
[Info] Total Leaves So Far: 59
[Info] Branching on t_C2156 with LP Solution: 0.4862969599065019
[Info] Created Node t_C2156>=1.0
[Info] Created Node t_C2156<=0.0
[Info] Node #61: t_C2241 <= 0.0 Depth: 7
[Info] Switching from t_C2244 <= 0.0 to t_C2241 <= 0.0
[Info] Common Ancestor: t_C2213 >= 1.0
[Info] Undoing Action: t_C2244 <= 0.0
[Info] Undoing Action: t_C2241 <= 0.0
[Info] Undoing Action: t_C2260 >= 1.0
[Info] Undoing Action: t_C2210 <= 0.0
[Info] Undoing Action: t_C2212 >= 1.0
[Info] Applying Action: t_C2212 <= 0.0
[Info] Applying Action: t_C2210 <= 0.0
[Info] Applying Action: t_C2242 <= 0.0
[Info] Applying Action: t_C2245 <= 0.0
[Info] Applying Action: t_C2241 <= 0.0
[Info] LP Objective: 5845.026299350544
[Info] Total Leaves So Far: 60
[Info] Branching on t_C2247 with LP Solution: 0.46292602339091204
[Info] Created Node t_C2247>=1.0
[Info] Created Node t_C2247<=0.0
[Info] Node #62: t_C2240 <= 0.0 Depth: 8
[Info] Switching from t_C2241 <= 0.0 to t_C2240 <= 0.0
[Info] Common Ancestor: t_C2213 >= 1.0
[Info] Undoing Action: t_C2241 <= 0.0
[Info] Undoing Action: t_C2245 <= 0.0
[Info] Undoing Action: t_C2242 <= 0.0
[Info] Undoing Action: t_C2210 <= 0.0
[Info] Undoing Action: t_C2212 <= 0.0
[Info] Applying Action: t_C2212 >= 1.0
[Info] Applying Action: t_C2210 <= 0.0
[Info] Applying Action: t_C2260 <= 0.0
[Info] Applying Action: t_C2246 >= 1.0
[Info] Applying Action: t_C2263 >= 1.0
[Info] Applying Action: t_C2240 <= 0.0
[Info] LP Objective: 5845.059165242876
[Info] Total Leaves So Far: 61
[Info] Branching on t_C2152 with LP Solution: 0.577207008395208
[Info] Created Node t_C2152>=1.0
[Info] Created Node t_C2152<=0.0
[Info] Node #63: t_C2223 <= 0.0 Depth: 6
[Info] Switching from t_C2240 <= 0.0 to t_C2223 <= 0.0
[Info] Common Ancestor: t_C2212 >= 1.0
[Info] Undoing Action: t_C2240 <= 0.0
[Info] Undoing Action: t_C2263 >= 1.0
[Info] Undoing Action: t_C2246 >= 1.0
[Info] Undoing Action: t_C2260 <= 0.0
[Info] Undoing Action: t_C2210 <= 0.0
[Info] Applying Action: t_C2210 >= 1.0
[Info] Applying Action: t_C2211 >= 1.0
[Info] Applying Action: t_C2223 <= 0.0
[Info] LP Objective: 5845.109787150877
[Info] Total Leaves So Far: 62
[Info] Branching on t_C2244 with LP Solution: 0.5430145601643279
[Info] Created Node t_C2244>=1.0
[Info] Created Node t_C2244<=0.0
[Info] Node #64: t_C2240 >= 1.0 Depth: 8
[Info] Switching from t_C2223 <= 0.0 to t_C2240 >= 1.0
[Info] Common Ancestor: t_C2212 >= 1.0
[Info] Undoing Action: t_C2223 <= 0.0
[Info] Undoing Action: t_C2211 >= 1.0
[Info] Undoing Action: t_C2210 >= 1.0
[Info] Applying Action: t_C2210 <= 0.0
[Info] Applying Action: t_C2260 <= 0.0
[Info] Applying Action: t_C2246 >= 1.0
[Info] Applying Action: t_C2263 <= 0.0
[Info] Applying Action: t_C2240 >= 1.0
[Info] LP Objective: 5845.213191621996
[Info] Total Leaves So Far: 63
