[Debug] VPC Separator Called
[Debug] Finished checking necessary Preconditions
[Debug] Starting separation subroutine
[Debug] Getting Disjunction by Branch and Bound
[Debug] Collecting Points and Rays from disjunction
[Debug] Collecting Point and Ray from term 1
[Debug] Disjunctive term is feasible. Points and rays added.
[Debug] Collecting Point and Ray from term 2
[Debug] Disjunctive term is feasible. Points and rays added.
[Debug] Collecting Point and Ray from term 3
[Debug] Disjunctive term is feasible. Points and rays added.
[Debug] Collecting Point and Ray from term 4
[Debug] Disjunctive term is feasible. Points and rays added.
[Debug] Collecting Point and Ray from term 5
[Debug] Disjunctive term is feasible. Points and rays added.
[Debug] Collecting Point and Ray from term 6
[Debug] Disjunctive term is feasible. Points and rays added.
[Debug] Collecting Point and Ray from term 7
[Debug] Disjunctive term is feasible. Points and rays added.
[Debug] Collecting Point and Ray from term 8
[Debug] Disjunctive term is feasible. Points and rays added.
[Debug] Collecting Point and Ray from term 9
[Debug] Disjunctive term is feasible. Points and rays added.
[Debug] Collecting Point and Ray from term 10
[Debug] Disjunctive term is feasible. Points and rays added.
[Debug] Collecting Point and Ray from term 11
[Debug] Disjunctive term is feasible. Points and rays added.
[Debug] Collecting Point and Ray from term 12
[Debug] Disjunctive term is feasible. Points and rays added.
[Debug] Collecting Point and Ray from term 13
[Debug] Disjunctive term is feasible. Points and rays added.
[Debug] Collecting Point and Ray from term 14
[Debug] Disjunctive term is feasible. Points and rays added.
[Debug] Collecting Point and Ray from term 15
[Debug] Disjunctive term is feasible. Points and rays added.
[Debug] Collecting Point and Ray from term 16
[Debug] Disjunctive term is feasible. Points and rays added.
[Debug] Collecting Point and Ray from term 17
[Debug] Disjunctive term is feasible. Points and rays added.
[Debug] Collecting Point and Ray from term 18
[Debug] Disjunctive term is feasible. Points and rays added.
[Debug] Collecting Point and Ray from term 19
[Debug] Disjunctive term is feasible. Points and rays added.
[Debug] Collecting Point and Ray from term 20
[Debug] Disjunctive term is feasible. Points and rays added.
[Debug] Collecting Point and Ray from term 21
[Debug] Disjunctive term is feasible. Points and rays added.
[Debug] Collecting Point and Ray from term 22
[Debug] Disjunctive term is feasible. Points and rays added.
[Debug] Collecting Point and Ray from term 23
[Debug] Disjunctive term is feasible. Points and rays added.
[Debug] Collecting Point and Ray from term 24
[Debug] Disjunctive term is feasible. Points and rays added.
[Debug] Collecting Point and Ray from term 25
[Debug] Disjunctive term is feasible. Points and rays added.
[Debug] Collecting Point and Ray from term 26
[Debug] Disjunctive term is feasible. Points and rays added.
[Debug] Collecting Point and Ray from term 27
[Debug] Disjunctive term is feasible. Points and rays added.
[Debug] Collecting Point and Ray from term 28
[Debug] Disjunctive term is feasible. Points and rays added.
[Debug] Collecting Point and Ray from term 29
[Debug] Disjunctive term is feasible. Points and rays added.
[Debug] Collecting Point and Ray from term 30
[Debug] Disjunctive term is feasible. Points and rays added.
[Debug] Collecting Point and Ray from term 31
[Debug] Disjunctive term is feasible. Points and rays added.
[Debug] Collecting Point and Ray from term 32
[Debug] Disjunctive term is feasible. Points and rays added.
[Debug] Collecting Point and Ray from term 33
[Debug] Disjunctive term is feasible. Points and rays added.
[Debug] Collecting Point and Ray from term 34
[Debug] Disjunctive term is feasible. Points and rays added.
[Debug] Collecting Point and Ray from term 35
[Debug] Disjunctive term is feasible. Points and rays added.
[Debug] Collecting Point and Ray from term 36
[Debug] Disjunctive term is feasible. Points and rays added.
[Debug] Collecting Point and Ray from term 37
[Debug] Disjunctive term is feasible. Points and rays added.
[Debug] Collecting Point and Ray from term 38
[Debug] Disjunctive term is feasible. Points and rays added.
[Debug] Collecting Point and Ray from term 39
[Debug] Disjunctive term is feasible. Points and rays added.
[Debug] Collecting Point and Ray from term 40
[Debug] Disjunctive term is feasible. Points and rays added.
[Debug] Collecting Point and Ray from term 41
[Debug] Disjunctive term is feasible. Points and rays added.
[Debug] Collecting Point and Ray from term 42
[Debug] Disjunctive term is feasible. Points and rays added.
[Debug] Collecting Point and Ray from term 43
[Debug] Disjunctive term is feasible. Points and rays added.
[Debug] Collecting Point and Ray from term 44
[Debug] Disjunctive term is feasible. Points and rays added.
[Debug] Collecting Point and Ray from term 45
[Debug] Disjunctive term is feasible. Points and rays added.
[Debug] Collecting Point and Ray from term 46
[Debug] Disjunctive term is feasible. Points and rays added.
[Debug] Collecting Point and Ray from term 47
[Debug] Disjunctive term is feasible. Points and rays added.
[Debug] Collecting Point and Ray from term 48
[Debug] Disjunctive term is feasible. Points and rays added.
[Debug] Collecting Point and Ray from term 49
[Debug] Disjunctive term is feasible. Points and rays added.
[Debug] Collecting Point and Ray from term 50
[Debug] Disjunctive term is feasible. Points and rays added.
[Debug] Collecting Point and Ray from term 51
[Debug] Disjunctive term is feasible. Points and rays added.
[Debug] Collecting Point and Ray from term 52
[Debug] Disjunctive term is feasible. Points and rays added.
[Debug] Collecting Point and Ray from term 53
[Debug] Disjunctive term is feasible. Points and rays added.
[Debug] Collecting Point and Ray from term 54
[Debug] Disjunctive term is feasible. Points and rays added.
[Debug] Collecting Point and Ray from term 55
[Debug] Disjunctive term is feasible. Points and rays added.
[Debug] Collecting Point and Ray from term 56
[Debug] Disjunctive term is feasible. Points and rays added.
[Debug] Collecting Point and Ray from term 57
[Debug] Disjunctive term is feasible. Points and rays added.
[Debug] Collecting Point and Ray from term 58
[Debug] Disjunctive term is feasible. Points and rays added.
[Debug] Collecting Point and Ray from term 59
[Debug] Disjunctive term is feasible. Points and rays added.
[Debug] Collecting Point and Ray from term 60
[Debug] Disjunctive term is feasible. Points and rays added.
[Debug] Collecting Point and Ray from term 61
[Debug] Disjunctive term is feasible. Points and rays added.
[Debug] Collecting Point and Ray from term 62
[Debug] Disjunctive term is feasible. Points and rays added.
[Debug] Collecting Point and Ray from term 63
[Debug] Disjunctive term is feasible. Points and rays added.
[Debug] Collecting Point and Ray from term 64
[Debug] Disjunctive term is feasible. Points and rays added.
[Debug] Removing duplicate rays
[Debug] Points and Rays Collected
[Debug] Number of points: 64
[Debug] Number of rays: 3546
[Debug] Zeroing heuristic is false
[Debug] Check solution is feasible
[Debug] Zeroed 0 entries
[Debug] Disjunctive Lower Bound is: 13.464285714285712 and LP Objective is: 13.0
[Debug] Starting Check Feasibility
[Debug] Feasibility Check Passed
[Debug] Starting P* Optimization
[Debug] Finished P* Optimization
[Debug] Generated 3 cuts. Cutlimit is 35
[Debug] Generated 4 cuts. Cutlimit is 35
[Debug] Generated 5 cuts. Cutlimit is 35
[Debug] Generated 6 cuts. Cutlimit is 35
[Debug] Generated 7 cuts. Cutlimit is 35
[Debug] Generated 8 cuts. Cutlimit is 35
[Debug] Generated 9 cuts. Cutlimit is 35
[Debug] Generated 10 cuts. Cutlimit is 35
[Debug] Generated 11 cuts. Cutlimit is 35
[Debug] Generated 12 cuts. Cutlimit is 35
[Debug] Generated 13 cuts. Cutlimit is 35
[Debug] Generated 14 cuts. Cutlimit is 35
[Debug] Generated 15 cuts. Cutlimit is 35
[Debug] Generated 16 cuts. Cutlimit is 35
[Debug] Generated 17 cuts. Cutlimit is 35
[Debug] Generated 18 cuts. Cutlimit is 35
[Debug] Generated 19 cuts. Cutlimit is 35
[Debug] Generated 20 cuts. Cutlimit is 35
[Debug] Generated 21 cuts. Cutlimit is 35
[Debug] Generated 22 cuts. Cutlimit is 35
[Debug] Generated 23 cuts. Cutlimit is 35
[Debug] Generated 24 cuts. Cutlimit is 35
[Debug] Generated 25 cuts. Cutlimit is 35
[Debug] Generated 26 cuts. Cutlimit is 35
[Debug] Generated 27 cuts. Cutlimit is 35
[Debug] Generated 28 cuts. Cutlimit is 35
[Debug] Generated 29 cuts. Cutlimit is 35
[Debug] Generated 30 cuts. Cutlimit is 35
[Debug] Generated 31 cuts. Cutlimit is 35
[Debug] Generated 32 cuts. Cutlimit is 35
[Debug] Generated 33 cuts. Cutlimit is 35
[Debug] Generated 34 cuts. Cutlimit is 35
[Debug] Generated 35 cuts. Cutlimit is 35
